2024-08-11 03:07:14.871 | INFO     | logger:log:13 - First sync
2024-08-11 03:07:15.127 | INFO     | logger:log:13 - Number of flomo memos to sync: 0
2024-08-11 03:07:15.127 | INFO     | logger:log:13 - No flomo memos to sync
2024-08-11 03:07:15.128 | INFO     | logger:log:13 - Update last sync time: 2024-08-11 03:07:15.128117
2024-08-11 03:07:15.128 | INFO     | logger:log:13 - Finished
2024-08-11 03:07:15.128 | INFO     | logger:log:13 - 
2024-08-12 03:07:53.876 | INFO     | logger:log:13 - Last sync time: 2024-08-11 03:07:15.128117
2024-08-12 03:07:54.147 | INFO     | logger:log:13 - Number of flomo memos to sync: 0
2024-08-12 03:07:54.147 | INFO     | logger:log:13 - No flomo memos to sync
2024-08-12 03:07:54.147 | INFO     | logger:log:13 - Update last sync time: 2024-08-12 03:07:54.147775
2024-08-12 03:07:54.148 | INFO     | logger:log:13 - Finished
2024-08-12 03:07:54.148 | INFO     | logger:log:13 - 
2024-08-13 03:07:23.486 | INFO     | logger:log:13 - Last sync time: 2024-08-12 03:07:54.147775
2024-08-13 03:07:23.710 | INFO     | logger:log:13 - Number of flomo memos to sync: 0
2024-08-13 03:07:23.711 | INFO     | logger:log:13 - No flomo memos to sync
2024-08-13 03:07:23.711 | INFO     | logger:log:13 - Update last sync time: 2024-08-13 03:07:23.711411
2024-08-13 03:07:23.711 | INFO     | logger:log:13 - Finished
2024-08-13 03:07:23.712 | INFO     | logger:log:13 - 
2024-08-14 03:08:31.882 | INFO     | logger:log:13 - Last sync time: 2024-08-13 03:07:23.711411
2024-08-14 03:08:32.180 | INFO     | logger:log:13 - Number of flomo memos to sync: 0
2024-08-14 03:08:32.180 | INFO     | logger:log:13 - No flomo memos to sync
2024-08-14 03:08:32.180 | INFO     | logger:log:13 - Update last sync time: 2024-08-14 03:08:32.180721
2024-08-14 03:08:32.181 | INFO     | logger:log:13 - Finished
2024-08-14 03:08:32.181 | INFO     | logger:log:13 - 
2024-08-15 03:07:31.392 | INFO     | logger:log:13 - Last sync time: 2024-08-14 03:08:32.180721
2024-08-15 03:07:31.650 | INFO     | logger:log:13 - Number of flomo memos to sync: 0
2024-08-15 03:07:31.650 | INFO     | logger:log:13 - No flomo memos to sync
2024-08-15 03:07:31.651 | INFO     | logger:log:13 - Update last sync time: 2024-08-15 03:07:31.650881
2024-08-15 03:07:31.651 | INFO     | logger:log:13 - Finished
2024-08-15 03:07:31.651 | INFO     | logger:log:13 - 
2024-08-16 03:08:25.940 | INFO     | logger:log:13 - Last sync time: 2024-08-15 03:07:31.650881
2024-08-16 03:08:26.795 | INFO     | logger:log:13 - Number of flomo memos to sync: 0
2024-08-16 03:08:26.795 | INFO     | logger:log:13 - No flomo memos to sync
2024-08-16 03:08:26.795 | INFO     | logger:log:13 - Update last sync time: 2024-08-16 03:08:26.795837
2024-08-16 03:08:26.796 | INFO     | logger:log:13 - Finished
2024-08-16 03:08:26.796 | INFO     | logger:log:13 - 
2024-08-17 03:06:46.293 | INFO     | logger:log:13 - Last sync time: 2024-08-16 03:08:26.795837
2024-08-17 03:06:46.451 | INFO     | logger:log:13 - Number of flomo memos to sync: 0
2024-08-17 03:06:46.451 | INFO     | logger:log:13 - No flomo memos to sync
2024-08-17 03:06:46.452 | INFO     | logger:log:13 - Update last sync time: 2024-08-17 03:06:46.451996
2024-08-17 03:06:46.452 | INFO     | logger:log:13 - Finished
2024-08-17 03:06:46.452 | INFO     | logger:log:13 - 
2024-08-18 03:06:48.097 | INFO     | logger:log:13 - Last sync time: 2024-08-17 03:06:46.451996
2024-08-18 03:06:48.821 | INFO     | logger:log:13 - Number of flomo memos to sync: 0
2024-08-18 03:06:48.822 | INFO     | logger:log:13 - No flomo memos to sync
2024-08-18 03:06:48.822 | INFO     | logger:log:13 - Update last sync time: 2024-08-18 03:06:48.822266
2024-08-18 03:06:48.822 | INFO     | logger:log:13 - Finished
2024-08-18 03:06:48.823 | INFO     | logger:log:13 - 
2024-08-19 03:07:30.942 | INFO     | logger:log:13 - Last sync time: 2024-08-18 03:06:48.822266
2024-08-19 03:07:31.146 | INFO     | logger:log:13 - Number of flomo memos to sync: 0
2024-08-19 03:07:31.146 | INFO     | logger:log:13 - No flomo memos to sync
2024-08-19 03:07:31.147 | INFO     | logger:log:13 - Update last sync time: 2024-08-19 03:07:31.146911
2024-08-19 03:07:31.147 | INFO     | logger:log:13 - Finished
2024-08-19 03:07:31.147 | INFO     | logger:log:13 - 
2024-08-20 03:08:40.891 | INFO     | logger:log:13 - Last sync time: 2024-08-19 03:07:31.146911
2024-08-20 03:08:41.086 | INFO     | logger:log:13 - Number of flomo memos to sync: 0
2024-08-20 03:08:41.086 | INFO     | logger:log:13 - No flomo memos to sync
2024-08-20 03:08:41.086 | INFO     | logger:log:13 - Update last sync time: 2024-08-20 03:08:41.086551
2024-08-20 03:08:41.086 | INFO     | logger:log:13 - Finished
2024-08-20 03:08:41.087 | INFO     | logger:log:13 - 
2024-08-21 03:07:14.197 | INFO     | logger:log:13 - Last sync time: 2024-08-20 03:08:41.086551
2024-08-21 03:07:14.409 | INFO     | logger:log:13 - Number of flomo memos to sync: 0
2024-08-21 03:07:14.409 | INFO     | logger:log:13 - No flomo memos to sync
2024-08-21 03:07:14.410 | INFO     | logger:log:13 - Update last sync time: 2024-08-21 03:07:14.409965
2024-08-21 03:07:14.410 | INFO     | logger:log:13 - Finished
2024-08-21 03:07:14.410 | INFO     | logger:log:13 - 
2024-08-22 03:08:25.051 | INFO     | logger:log:13 - Last sync time: 2024-08-21 03:07:14.409965
2024-08-22 03:08:25.703 | INFO     | logger:log:13 - Number of flomo memos to sync: 0
2024-08-22 03:08:25.703 | INFO     | logger:log:13 - No flomo memos to sync
2024-08-22 03:08:25.703 | INFO     | logger:log:13 - Update last sync time: 2024-08-22 03:08:25.703715
2024-08-22 03:08:25.704 | INFO     | logger:log:13 - Finished
2024-08-22 03:08:25.704 | INFO     | logger:log:13 - 
2024-08-23 03:07:14.912 | INFO     | logger:log:13 - Last sync time: 2024-08-22 03:08:25.703715
2024-08-23 03:07:15.172 | INFO     | logger:log:13 - Number of flomo memos to sync: 0
2024-08-23 03:07:15.172 | INFO     | logger:log:13 - No flomo memos to sync
2024-08-23 03:07:15.173 | INFO     | logger:log:13 - Update last sync time: 2024-08-23 03:07:15.172983
2024-08-23 03:07:15.173 | INFO     | logger:log:13 - Finished
2024-08-23 03:07:15.173 | INFO     | logger:log:13 - 
2024-08-24 03:06:52.116 | INFO     | logger:log:13 - Last sync time: 2024-08-23 03:07:15.172983
2024-08-24 03:06:52.781 | INFO     | logger:log:13 - Number of flomo memos to sync: 0
2024-08-24 03:06:52.782 | INFO     | logger:log:13 - No flomo memos to sync
2024-08-24 03:06:52.782 | INFO     | logger:log:13 - Update last sync time: 2024-08-24 03:06:52.782425
2024-08-24 03:06:52.782 | INFO     | logger:log:13 - Finished
2024-08-24 03:06:52.782 | INFO     | logger:log:13 - 
2024-08-25 03:06:42.751 | INFO     | logger:log:13 - Last sync time: 2024-08-24 03:06:52.782425
2024-08-25 03:06:43.016 | INFO     | logger:log:13 - Number of flomo memos to sync: 0
2024-08-25 03:06:43.016 | INFO     | logger:log:13 - No flomo memos to sync
2024-08-25 03:06:43.017 | INFO     | logger:log:13 - Update last sync time: 2024-08-25 03:06:43.017076
2024-08-25 03:06:43.017 | INFO     | logger:log:13 - Finished
2024-08-25 03:06:43.017 | INFO     | logger:log:13 - 
2024-08-26 03:09:10.810 | INFO     | logger:log:13 - Last sync time: 2024-08-25 03:06:43.017076
2024-08-26 03:09:11.328 | INFO     | logger:log:13 - Number of flomo memos to sync: 0
2024-08-26 03:09:11.328 | INFO     | logger:log:13 - No flomo memos to sync
2024-08-26 03:09:11.328 | INFO     | logger:log:13 - Update last sync time: 2024-08-26 03:09:11.328665
2024-08-26 03:09:11.329 | INFO     | logger:log:13 - Finished
2024-08-26 03:09:11.329 | INFO     | logger:log:13 - 
2024-08-27 03:07:20.014 | INFO     | logger:log:13 - Last sync time: 2024-08-26 03:09:11.328665
2024-08-27 03:07:20.411 | INFO     | logger:log:13 - Number of flomo memos to sync: 0
2024-08-27 03:07:20.412 | INFO     | logger:log:13 - No flomo memos to sync
2024-08-27 03:07:20.412 | INFO     | logger:log:13 - Update last sync time: 2024-08-27 03:07:20.412331
2024-08-27 03:07:20.412 | INFO     | logger:log:13 - Finished
2024-08-27 03:07:20.412 | INFO     | logger:log:13 - 
2024-08-28 03:07:33.651 | INFO     | logger:log:13 - Last sync time: 2024-08-27 03:07:20.412331
2024-08-28 03:07:33.880 | INFO     | logger:log:13 - Number of flomo memos to sync: 0
2024-08-28 03:07:33.880 | INFO     | logger:log:13 - No flomo memos to sync
2024-08-28 03:07:33.880 | INFO     | logger:log:13 - Update last sync time: 2024-08-28 03:07:33.880620
2024-08-28 03:07:33.880 | INFO     | logger:log:13 - Finished
2024-08-28 03:07:33.881 | INFO     | logger:log:13 - 
2024-08-29 03:07:44.867 | INFO     | logger:log:13 - Last sync time: 2024-08-28 03:07:33.880620
2024-08-29 03:07:45.084 | INFO     | logger:log:13 - Number of flomo memos to sync: 0
2024-08-29 03:07:45.084 | INFO     | logger:log:13 - No flomo memos to sync
2024-08-29 03:07:45.084 | INFO     | logger:log:13 - Update last sync time: 2024-08-29 03:07:45.084818
2024-08-29 03:07:45.085 | INFO     | logger:log:13 - Finished
2024-08-29 03:07:45.085 | INFO     | logger:log:13 - 
2024-08-30 03:07:37.398 | INFO     | logger:log:13 - Last sync time: 2024-08-29 03:07:45.084818
2024-08-30 03:07:38.005 | INFO     | logger:log:13 - Number of flomo memos to sync: 0
2024-08-30 03:07:38.005 | INFO     | logger:log:13 - No flomo memos to sync
2024-08-30 03:07:38.006 | INFO     | logger:log:13 - Update last sync time: 2024-08-30 03:07:38.006131
2024-08-30 03:07:38.006 | INFO     | logger:log:13 - Finished
2024-08-30 03:07:38.006 | INFO     | logger:log:13 - 
2024-08-31 03:06:53.212 | INFO     | logger:log:13 - Last sync time: 2024-08-30 03:07:38.006131
2024-08-31 03:06:53.524 | INFO     | logger:log:13 - Number of flomo memos to sync: 0
2024-08-31 03:06:53.524 | INFO     | logger:log:13 - No flomo memos to sync
2024-08-31 03:06:53.525 | INFO     | logger:log:13 - Update last sync time: 2024-08-31 03:06:53.525105
2024-08-31 03:06:53.525 | INFO     | logger:log:13 - Finished
2024-08-31 03:06:53.525 | INFO     | logger:log:13 - 
2024-09-01 03:14:23.836 | INFO     | logger:log:13 - Last sync time: 2024-08-31 03:06:53.525105
2024-09-01 03:14:24.093 | INFO     | logger:log:13 - Number of flomo memos to sync: 0
2024-09-01 03:14:24.093 | INFO     | logger:log:13 - No flomo memos to sync
2024-09-01 03:14:24.094 | INFO     | logger:log:13 - Update last sync time: 2024-09-01 03:14:24.094148
2024-09-01 03:14:24.094 | INFO     | logger:log:13 - Finished
2024-09-01 03:14:24.094 | INFO     | logger:log:13 - 
2024-09-02 03:08:26.763 | INFO     | logger:log:13 - Last sync time: 2024-09-01 03:14:24.094148
2024-09-02 03:08:26.929 | INFO     | logger:log:13 - Number of flomo memos to sync: 0
2024-09-02 03:08:26.929 | INFO     | logger:log:13 - No flomo memos to sync
2024-09-02 03:08:26.930 | INFO     | logger:log:13 - Update last sync time: 2024-09-02 03:08:26.929941
2024-09-02 03:08:26.930 | INFO     | logger:log:13 - Finished
2024-09-02 03:08:26.930 | INFO     | logger:log:13 - 
2024-09-03 03:00:46.652 | INFO     | logger:log:13 - Last sync time: 2024-09-02 03:08:26.929941
2024-09-03 03:00:46.916 | INFO     | logger:log:13 - Number of flomo memos to sync: 0
2024-09-03 03:00:46.916 | INFO     | logger:log:13 - No flomo memos to sync
2024-09-03 03:00:46.917 | INFO     | logger:log:13 - Update last sync time: 2024-09-03 03:00:46.917111
2024-09-03 03:00:46.917 | INFO     | logger:log:13 - Finished
2024-09-03 03:00:46.917 | INFO     | logger:log:13 - 
2024-09-04 03:07:31.295 | INFO     | logger:log:13 - Last sync time: 2024-09-03 03:00:46.917111
2024-09-04 03:07:31.574 | INFO     | logger:log:13 - Number of flomo memos to sync: 0
2024-09-04 03:07:31.574 | INFO     | logger:log:13 - No flomo memos to sync
2024-09-04 03:07:31.574 | INFO     | logger:log:13 - Update last sync time: 2024-09-04 03:07:31.574734
2024-09-04 03:07:31.575 | INFO     | logger:log:13 - Finished
2024-09-04 03:07:31.575 | INFO     | logger:log:13 - 
2024-09-05 03:07:39.452 | INFO     | logger:log:13 - Last sync time: 2024-09-04 03:07:31.574734
2024-09-05 03:07:39.836 | INFO     | logger:log:13 - Number of flomo memos to sync: 0
2024-09-05 03:07:39.837 | INFO     | logger:log:13 - No flomo memos to sync
2024-09-05 03:07:39.837 | INFO     | logger:log:13 - Update last sync time: 2024-09-05 03:07:39.837389
2024-09-05 03:07:39.837 | INFO     | logger:log:13 - Finished
2024-09-05 03:07:39.837 | INFO     | logger:log:13 - 
2024-09-06 03:08:26.627 | INFO     | logger:log:13 - Last sync time: 2024-09-05 03:07:39.837389
2024-09-06 03:08:26.939 | INFO     | logger:log:13 - Number of flomo memos to sync: 0
2024-09-06 03:08:26.940 | INFO     | logger:log:13 - No flomo memos to sync
2024-09-06 03:08:26.940 | INFO     | logger:log:13 - Update last sync time: 2024-09-06 03:08:26.940285
2024-09-06 03:08:26.940 | INFO     | logger:log:13 - Finished
2024-09-06 03:08:26.940 | INFO     | logger:log:13 - 
2024-09-07 03:00:41.805 | INFO     | logger:log:13 - Last sync time: 2024-09-06 03:08:26.940285
2024-09-07 03:00:42.983 | INFO     | logger:log:13 - Number of flomo memos to sync: 0
2024-09-07 03:00:42.983 | INFO     | logger:log:13 - No flomo memos to sync
2024-09-07 03:00:42.983 | INFO     | logger:log:13 - Update last sync time: 2024-09-07 03:00:42.983661
2024-09-07 03:00:42.983 | INFO     | logger:log:13 - Finished
2024-09-07 03:00:42.984 | INFO     | logger:log:13 - 
2024-09-08 03:09:35.586 | INFO     | logger:log:13 - Last sync time: 2024-09-07 03:00:42.983661
2024-09-08 03:09:35.817 | INFO     | logger:log:13 - Number of flomo memos to sync: 0
2024-09-08 03:09:35.817 | INFO     | logger:log:13 - No flomo memos to sync
2024-09-08 03:09:35.817 | INFO     | logger:log:13 - Update last sync time: 2024-09-08 03:09:35.817708
2024-09-08 03:09:35.818 | INFO     | logger:log:13 - Finished
2024-09-08 03:09:35.818 | INFO     | logger:log:13 - 
2024-09-09 03:10:20.336 | INFO     | logger:log:13 - Last sync time: 2024-09-08 03:09:35.817708
2024-09-09 03:10:20.606 | INFO     | logger:log:13 - Number of flomo memos to sync: 0
2024-09-09 03:10:20.606 | INFO     | logger:log:13 - No flomo memos to sync
2024-09-09 03:10:20.606 | INFO     | logger:log:13 - Update last sync time: 2024-09-09 03:10:20.606530
2024-09-09 03:10:20.606 | INFO     | logger:log:13 - Finished
2024-09-09 03:10:20.607 | INFO     | logger:log:13 - 
2024-09-10 03:08:53.299 | INFO     | logger:log:13 - Last sync time: 2024-09-09 03:10:20.606530
2024-09-10 03:08:53.492 | INFO     | logger:log:13 - Number of flomo memos to sync: 0
2024-09-10 03:08:53.493 | INFO     | logger:log:13 - No flomo memos to sync
2024-09-10 03:08:53.493 | INFO     | logger:log:13 - Update last sync time: 2024-09-10 03:08:53.493235
2024-09-10 03:08:53.493 | INFO     | logger:log:13 - Finished
2024-09-10 03:08:53.493 | INFO     | logger:log:13 - 
2024-09-11 03:07:41.560 | INFO     | logger:log:13 - Last sync time: 2024-09-10 03:08:53.493235
2024-09-11 03:07:42.149 | INFO     | logger:log:13 - Number of flomo memos to sync: 0
2024-09-11 03:07:42.150 | INFO     | logger:log:13 - No flomo memos to sync
2024-09-11 03:07:42.150 | INFO     | logger:log:13 - Update last sync time: 2024-09-11 03:07:42.150431
2024-09-11 03:07:42.150 | INFO     | logger:log:13 - Finished
2024-09-11 03:07:42.150 | INFO     | logger:log:13 - 
2024-09-12 03:07:49.779 | INFO     | logger:log:13 - Last sync time: 2024-09-11 03:07:42.150431
2024-09-12 03:07:50.090 | INFO     | logger:log:13 - Number of flomo memos to sync: 0
2024-09-12 03:07:50.090 | INFO     | logger:log:13 - No flomo memos to sync
2024-09-12 03:07:50.091 | INFO     | logger:log:13 - Update last sync time: 2024-09-12 03:07:50.091015
2024-09-12 03:07:50.091 | INFO     | logger:log:13 - Finished
2024-09-12 03:07:50.091 | INFO     | logger:log:13 - 
2024-09-13 03:08:18.878 | INFO     | logger:log:13 - Last sync time: 2024-09-12 03:07:50.091015
2024-09-13 03:08:19.077 | INFO     | logger:log:13 - Number of flomo memos to sync: 0
2024-09-13 03:08:19.077 | INFO     | logger:log:13 - No flomo memos to sync
2024-09-13 03:08:19.077 | INFO     | logger:log:13 - Update last sync time: 2024-09-13 03:08:19.077682
2024-09-13 03:08:19.078 | INFO     | logger:log:13 - Finished
2024-09-13 03:08:19.078 | INFO     | logger:log:13 - 
2024-09-14 03:08:09.527 | INFO     | logger:log:13 - Last sync time: 2024-09-13 03:08:19.077682
2024-09-14 03:08:09.813 | INFO     | logger:log:13 - Number of flomo memos to sync: 0
2024-09-14 03:08:09.813 | INFO     | logger:log:13 - No flomo memos to sync
2024-09-14 03:08:09.813 | INFO     | logger:log:13 - Update last sync time: 2024-09-14 03:08:09.813482
2024-09-14 03:08:09.813 | INFO     | logger:log:13 - Finished
2024-09-14 03:08:09.814 | INFO     | logger:log:13 - 
2024-09-15 03:14:11.159 | INFO     | logger:log:13 - Last sync time: 2024-09-14 03:08:09.813482
2024-09-15 03:14:11.890 | INFO     | logger:log:13 - Number of flomo memos to sync: 0
2024-09-15 03:14:11.890 | INFO     | logger:log:13 - No flomo memos to sync
2024-09-15 03:14:11.891 | INFO     | logger:log:13 - Update last sync time: 2024-09-15 03:14:11.891016
2024-09-15 03:14:11.891 | INFO     | logger:log:13 - Finished
2024-09-15 03:14:11.891 | INFO     | logger:log:13 - 
2024-09-16 03:15:55.264 | INFO     | logger:log:13 - Last sync time: 2024-09-15 03:14:11.891016
2024-09-16 03:15:55.509 | INFO     | logger:log:13 - Number of flomo memos to sync: 0
2024-09-16 03:15:55.509 | INFO     | logger:log:13 - No flomo memos to sync
2024-09-16 03:15:55.510 | INFO     | logger:log:13 - Update last sync time: 2024-09-16 03:15:55.510065
2024-09-16 03:15:55.510 | INFO     | logger:log:13 - Finished
2024-09-16 03:15:55.510 | INFO     | logger:log:13 - 
2024-09-17 03:07:20.448 | INFO     | logger:log:13 - Last sync time: 2024-09-16 03:15:55.510065
2024-09-17 03:07:20.745 | INFO     | logger:log:13 - Number of flomo memos to sync: 0
2024-09-17 03:07:20.745 | INFO     | logger:log:13 - No flomo memos to sync
2024-09-17 03:07:20.745 | INFO     | logger:log:13 - Update last sync time: 2024-09-17 03:07:20.745587
2024-09-17 03:07:20.745 | INFO     | logger:log:13 - Finished
2024-09-17 03:07:20.746 | INFO     | logger:log:13 - 
2024-09-18 03:08:45.518 | INFO     | logger:log:13 - Last sync time: 2024-09-17 03:07:20.745587
2024-09-18 03:08:45.762 | INFO     | logger:log:13 - Number of flomo memos to sync: 0
2024-09-18 03:08:45.763 | INFO     | logger:log:13 - No flomo memos to sync
2024-09-18 03:08:45.763 | INFO     | logger:log:13 - Update last sync time: 2024-09-18 03:08:45.763300
2024-09-18 03:08:45.763 | INFO     | logger:log:13 - Finished
2024-09-18 03:08:45.764 | INFO     | logger:log:13 - 
2024-09-19 03:09:51.345 | INFO     | logger:log:13 - Last sync time: 2024-09-18 03:08:45.763300
2024-09-19 03:09:52.339 | INFO     | logger:log:13 - Number of flomo memos to sync: 0
2024-09-19 03:09:52.340 | INFO     | logger:log:13 - No flomo memos to sync
2024-09-19 03:09:52.340 | INFO     | logger:log:13 - Update last sync time: 2024-09-19 03:09:52.340326
2024-09-19 03:09:52.340 | INFO     | logger:log:13 - Finished
2024-09-19 03:09:52.340 | INFO     | logger:log:13 - 
2024-09-20 03:10:17.726 | INFO     | logger:log:13 - Last sync time: 2024-09-19 03:09:52.340326
2024-09-20 03:10:18.420 | INFO     | logger:log:13 - Number of flomo memos to sync: 0
2024-09-20 03:10:18.420 | INFO     | logger:log:13 - No flomo memos to sync
2024-09-20 03:10:18.420 | INFO     | logger:log:13 - Update last sync time: 2024-09-20 03:10:18.420806
2024-09-20 03:10:18.421 | INFO     | logger:log:13 - Finished
2024-09-20 03:10:18.421 | INFO     | logger:log:13 - 
2024-09-21 03:08:31.260 | INFO     | logger:log:13 - Last sync time: 2024-09-20 03:10:18.420806
2024-09-21 03:08:31.717 | INFO     | logger:log:13 - Number of flomo memos to sync: 0
2024-09-21 03:08:31.718 | INFO     | logger:log:13 - No flomo memos to sync
2024-09-21 03:08:31.718 | INFO     | logger:log:13 - Update last sync time: 2024-09-21 03:08:31.718184
2024-09-21 03:08:31.718 | INFO     | logger:log:13 - Finished
2024-09-21 03:08:31.718 | INFO     | logger:log:13 - 
2024-09-22 03:14:42.584 | INFO     | logger:log:13 - Last sync time: 2024-09-21 03:08:31.718184
2024-09-22 03:14:44.127 | INFO     | logger:log:13 - Number of flomo memos to sync: 0
2024-09-22 03:14:44.127 | INFO     | logger:log:13 - No flomo memos to sync
2024-09-22 03:14:44.128 | INFO     | logger:log:13 - Update last sync time: 2024-09-22 03:14:44.127995
2024-09-22 03:14:44.128 | INFO     | logger:log:13 - Finished
2024-09-22 03:14:44.128 | INFO     | logger:log:13 - 
2024-09-23 03:13:22.687 | INFO     | logger:log:13 - Last sync time: 2024-09-22 03:14:44.127995
2024-09-23 03:13:22.911 | INFO     | logger:log:13 - Number of flomo memos to sync: 0
2024-09-23 03:13:22.911 | INFO     | logger:log:13 - No flomo memos to sync
2024-09-23 03:13:22.912 | INFO     | logger:log:13 - Update last sync time: 2024-09-23 03:13:22.912066
2024-09-23 03:13:22.912 | INFO     | logger:log:13 - Finished
2024-09-23 03:13:22.912 | INFO     | logger:log:13 - 
2024-09-24 03:13:30.050 | INFO     | logger:log:13 - Last sync time: 2024-09-23 03:13:22.912066
2024-09-24 03:13:31.049 | INFO     | logger:log:13 - Number of flomo memos to sync: 0
2024-09-24 03:13:31.050 | INFO     | logger:log:13 - No flomo memos to sync
2024-09-24 03:13:31.050 | INFO     | logger:log:13 - Update last sync time: 2024-09-24 03:13:31.050400
2024-09-24 03:13:31.050 | INFO     | logger:log:13 - Finished
2024-09-24 03:13:31.050 | INFO     | logger:log:13 - 
2024-09-25 03:15:17.410 | INFO     | logger:log:13 - Last sync time: 2024-09-24 03:13:31.050400
2024-09-25 03:15:18.129 | INFO     | logger:log:13 - Number of flomo memos to sync: 0
2024-09-25 03:15:18.129 | INFO     | logger:log:13 - No flomo memos to sync
2024-09-25 03:15:18.130 | INFO     | logger:log:13 - Update last sync time: 2024-09-25 03:15:18.129890
2024-09-25 03:15:18.130 | INFO     | logger:log:13 - Finished
2024-09-25 03:15:18.130 | INFO     | logger:log:13 - 
2024-09-26 03:13:45.971 | INFO     | logger:log:13 - Last sync time: 2024-09-25 03:15:18.129890
2024-09-26 03:13:46.239 | INFO     | logger:log:13 - Number of flomo memos to sync: 0
2024-09-26 03:13:46.239 | INFO     | logger:log:13 - No flomo memos to sync
2024-09-26 03:13:46.240 | INFO     | logger:log:13 - Update last sync time: 2024-09-26 03:13:46.239960
2024-09-26 03:13:46.240 | INFO     | logger:log:13 - Finished
2024-09-26 03:13:46.240 | INFO     | logger:log:13 - 
2024-09-27 03:13:41.534 | INFO     | logger:log:13 - Last sync time: 2024-09-26 03:13:46.239960
2024-09-27 03:13:42.219 | INFO     | logger:log:13 - Number of flomo memos to sync: 0
2024-09-27 03:13:42.219 | INFO     | logger:log:13 - No flomo memos to sync
2024-09-27 03:13:42.219 | INFO     | logger:log:13 - Update last sync time: 2024-09-27 03:13:42.219464
2024-09-27 03:13:42.219 | INFO     | logger:log:13 - Finished
2024-09-27 03:13:42.220 | INFO     | logger:log:13 - 
2024-09-28 03:12:08.714 | INFO     | logger:log:13 - Last sync time: 2024-09-27 03:13:42.219464
2024-09-28 03:12:09.324 | INFO     | logger:log:13 - Number of flomo memos to sync: 0
2024-09-28 03:12:09.325 | INFO     | logger:log:13 - No flomo memos to sync
2024-09-28 03:12:09.325 | INFO     | logger:log:13 - Update last sync time: 2024-09-28 03:12:09.325397
2024-09-28 03:12:09.325 | INFO     | logger:log:13 - Finished
2024-09-28 03:12:09.325 | INFO     | logger:log:13 - 
2024-09-29 03:17:25.749 | INFO     | logger:log:13 - Last sync time: 2024-09-28 03:12:09.325397
2024-09-29 03:17:26.186 | INFO     | logger:log:13 - Number of flomo memos to sync: 0
2024-09-29 03:17:26.187 | INFO     | logger:log:13 - No flomo memos to sync
2024-09-29 03:17:26.187 | INFO     | logger:log:13 - Update last sync time: 2024-09-29 03:17:26.187329
2024-09-29 03:17:26.187 | INFO     | logger:log:13 - Finished
2024-09-29 03:17:26.187 | INFO     | logger:log:13 - 
2024-09-30 03:18:43.622 | INFO     | logger:log:13 - Last sync time: 2024-09-29 03:17:26.187329
2024-09-30 03:18:44.177 | INFO     | logger:log:13 - Number of flomo memos to sync: 0
2024-09-30 03:18:44.177 | INFO     | logger:log:13 - No flomo memos to sync
2024-09-30 03:18:44.177 | INFO     | logger:log:13 - Update last sync time: 2024-09-30 03:18:44.177761
2024-09-30 03:18:44.178 | INFO     | logger:log:13 - Finished
2024-09-30 03:18:44.178 | INFO     | logger:log:13 - 
2024-10-01 03:22:10.837 | INFO     | logger:log:13 - Last sync time: 2024-09-30 03:18:44.177761
2024-10-01 03:22:11.130 | INFO     | logger:log:13 - Number of flomo memos to sync: 0
2024-10-01 03:22:11.130 | INFO     | logger:log:13 - No flomo memos to sync
2024-10-01 03:22:11.130 | INFO     | logger:log:13 - Update last sync time: 2024-10-01 03:22:11.130754
2024-10-01 03:22:11.131 | INFO     | logger:log:13 - Finished
2024-10-01 03:22:11.131 | INFO     | logger:log:13 - 
2024-10-02 03:13:01.981 | INFO     | logger:log:13 - Last sync time: 2024-10-01 03:22:11.130754
2024-10-02 03:13:02.249 | INFO     | logger:log:13 - Number of flomo memos to sync: 0
2024-10-02 03:13:02.249 | INFO     | logger:log:13 - No flomo memos to sync
2024-10-02 03:13:02.249 | INFO     | logger:log:13 - Update last sync time: 2024-10-02 03:13:02.249751
2024-10-02 03:13:02.250 | INFO     | logger:log:13 - Finished
2024-10-02 03:13:02.250 | INFO     | logger:log:13 - 
2024-10-03 03:13:55.603 | INFO     | logger:log:13 - Last sync time: 2024-10-02 03:13:02.249751
2024-10-03 03:13:55.790 | INFO     | logger:log:13 - Number of flomo memos to sync: 0
2024-10-03 03:13:55.790 | INFO     | logger:log:13 - No flomo memos to sync
2024-10-03 03:13:55.790 | INFO     | logger:log:13 - Update last sync time: 2024-10-03 03:13:55.790771
2024-10-03 03:13:55.791 | INFO     | logger:log:13 - Finished
2024-10-03 03:13:55.791 | INFO     | logger:log:13 - 
2024-10-04 03:13:34.775 | INFO     | logger:log:13 - Last sync time: 2024-10-03 03:13:55.790771
2024-10-04 03:13:35.337 | INFO     | logger:log:13 - Number of flomo memos to sync: 0
2024-10-04 03:13:35.337 | INFO     | logger:log:13 - No flomo memos to sync
2024-10-04 03:13:35.338 | INFO     | logger:log:13 - Update last sync time: 2024-10-04 03:13:35.338088
2024-10-04 03:13:35.338 | INFO     | logger:log:13 - Finished
2024-10-04 03:13:35.338 | INFO     | logger:log:13 - 
2024-10-05 03:11:49.352 | INFO     | logger:log:13 - Last sync time: 2024-10-04 03:13:35.338088
2024-10-05 03:11:49.561 | INFO     | logger:log:13 - Number of flomo memos to sync: 0
2024-10-05 03:11:49.561 | INFO     | logger:log:13 - No flomo memos to sync
2024-10-05 03:11:49.561 | INFO     | logger:log:13 - Update last sync time: 2024-10-05 03:11:49.561653
2024-10-05 03:11:49.562 | INFO     | logger:log:13 - Finished
2024-10-05 03:11:49.562 | INFO     | logger:log:13 - 
2024-10-06 03:16:40.567 | INFO     | logger:log:13 - Last sync time: 2024-10-05 03:11:49.561653
2024-10-06 03:16:40.787 | INFO     | logger:log:13 - Number of flomo memos to sync: 0
2024-10-06 03:16:40.787 | INFO     | logger:log:13 - No flomo memos to sync
2024-10-06 03:16:40.787 | INFO     | logger:log:13 - Update last sync time: 2024-10-06 03:16:40.787456
2024-10-06 03:16:40.787 | INFO     | logger:log:13 - Finished
2024-10-06 03:16:40.788 | INFO     | logger:log:13 - 
2024-10-07 03:16:17.638 | INFO     | logger:log:13 - Last sync time: 2024-10-06 03:16:40.787456
2024-10-07 03:16:17.954 | INFO     | logger:log:13 - Number of flomo memos to sync: 0
2024-10-07 03:16:17.955 | INFO     | logger:log:13 - No flomo memos to sync
2024-10-07 03:16:17.955 | INFO     | logger:log:13 - Update last sync time: 2024-10-07 03:16:17.955521
2024-10-07 03:16:17.955 | INFO     | logger:log:13 - Finished
2024-10-07 03:16:17.956 | INFO     | logger:log:13 - 
2024-10-08 03:16:09.048 | INFO     | logger:log:13 - Last sync time: 2024-10-07 03:16:17.955521
2024-10-08 03:16:09.371 | INFO     | logger:log:13 - Number of flomo memos to sync: 0
2024-10-08 03:16:09.371 | INFO     | logger:log:13 - No flomo memos to sync
2024-10-08 03:16:09.372 | INFO     | logger:log:13 - Update last sync time: 2024-10-08 03:16:09.372031
2024-10-08 03:16:09.372 | INFO     | logger:log:13 - Finished
2024-10-08 03:16:09.372 | INFO     | logger:log:13 - 
2024-10-09 03:13:35.393 | INFO     | logger:log:13 - Last sync time: 2024-10-08 03:16:09.372031
2024-10-09 03:13:35.623 | INFO     | logger:log:13 - Number of flomo memos to sync: 0
2024-10-09 03:13:35.623 | INFO     | logger:log:13 - No flomo memos to sync
2024-10-09 03:13:35.624 | INFO     | logger:log:13 - Update last sync time: 2024-10-09 03:13:35.623881
2024-10-09 03:13:35.624 | INFO     | logger:log:13 - Finished
2024-10-09 03:13:35.624 | INFO     | logger:log:13 - 
2024-10-10 03:13:36.138 | INFO     | logger:log:13 - Last sync time: 2024-10-09 03:13:35.623881
2024-10-10 03:13:36.356 | INFO     | logger:log:13 - Number of flomo memos to sync: 0
2024-10-10 03:13:36.356 | INFO     | logger:log:13 - No flomo memos to sync
2024-10-10 03:13:36.357 | INFO     | logger:log:13 - Update last sync time: 2024-10-10 03:13:36.357229
2024-10-10 03:13:36.357 | INFO     | logger:log:13 - Finished
2024-10-10 03:13:36.357 | INFO     | logger:log:13 - 
2024-10-11 03:12:35.298 | INFO     | logger:log:13 - Last sync time: 2024-10-10 03:13:36.357229
2024-10-11 03:12:35.586 | INFO     | logger:log:13 - Number of flomo memos to sync: 0
2024-10-11 03:12:35.586 | INFO     | logger:log:13 - No flomo memos to sync
2024-10-11 03:12:35.586 | INFO     | logger:log:13 - Update last sync time: 2024-10-11 03:12:35.586670
2024-10-11 03:12:35.587 | INFO     | logger:log:13 - Finished
2024-10-11 03:12:35.587 | INFO     | logger:log:13 - 
2024-10-12 03:10:38.572 | INFO     | logger:log:13 - Last sync time: 2024-10-11 03:12:35.586670
2024-10-12 03:10:38.894 | INFO     | logger:log:13 - Number of flomo memos to sync: 0
2024-10-12 03:10:38.895 | INFO     | logger:log:13 - No flomo memos to sync
2024-10-12 03:10:38.895 | INFO     | logger:log:13 - Update last sync time: 2024-10-12 03:10:38.895365
2024-10-12 03:10:38.895 | INFO     | logger:log:13 - Finished
2024-10-12 03:10:38.895 | INFO     | logger:log:13 - 
2024-10-13 03:16:03.669 | INFO     | logger:log:13 - Last sync time: 2024-10-12 03:10:38.895365
2024-10-13 03:16:04.035 | INFO     | logger:log:13 - Number of flomo memos to sync: 0
2024-10-13 03:16:04.035 | INFO     | logger:log:13 - No flomo memos to sync
2024-10-13 03:16:04.036 | INFO     | logger:log:13 - Update last sync time: 2024-10-13 03:16:04.036053
2024-10-13 03:16:04.036 | INFO     | logger:log:13 - Finished
2024-10-13 03:16:04.036 | INFO     | logger:log:13 - 
2024-10-14 03:17:03.287 | INFO     | logger:log:13 - Last sync time: 2024-10-13 03:16:04.036053
2024-10-14 03:17:03.664 | INFO     | logger:log:13 - Number of flomo memos to sync: 0
2024-10-14 03:17:03.664 | INFO     | logger:log:13 - No flomo memos to sync
2024-10-14 03:17:03.665 | INFO     | logger:log:13 - Update last sync time: 2024-10-14 03:17:03.665163
2024-10-14 03:17:03.665 | INFO     | logger:log:13 - Finished
2024-10-14 03:17:03.665 | INFO     | logger:log:13 - 
2024-10-15 03:14:57.588 | INFO     | logger:log:13 - Last sync time: 2024-10-14 03:17:03.665163
2024-10-15 03:14:57.977 | INFO     | logger:log:13 - Number of flomo memos to sync: 0
2024-10-15 03:14:57.977 | INFO     | logger:log:13 - No flomo memos to sync
2024-10-15 03:14:57.978 | INFO     | logger:log:13 - Update last sync time: 2024-10-15 03:14:57.977983
2024-10-15 03:14:57.978 | INFO     | logger:log:13 - Finished
2024-10-15 03:14:57.978 | INFO     | logger:log:13 - 
2024-10-16 03:16:15.899 | INFO     | logger:log:13 - Last sync time: 2024-10-15 03:14:57.977983
2024-10-16 03:16:16.301 | INFO     | logger:log:13 - Number of flomo memos to sync: 0
2024-10-16 03:16:16.301 | INFO     | logger:log:13 - No flomo memos to sync
2024-10-16 03:16:16.302 | INFO     | logger:log:13 - Update last sync time: 2024-10-16 03:16:16.302200
2024-10-16 03:16:16.302 | INFO     | logger:log:13 - Finished
2024-10-16 03:16:16.302 | INFO     | logger:log:13 - 
2024-10-17 03:14:00.955 | INFO     | logger:log:13 - Last sync time: 2024-10-16 03:16:16.302200
2024-10-17 03:14:01.362 | INFO     | logger:log:13 - Number of flomo memos to sync: 0
2024-10-17 03:14:01.363 | INFO     | logger:log:13 - No flomo memos to sync
2024-10-17 03:14:01.363 | INFO     | logger:log:13 - Update last sync time: 2024-10-17 03:14:01.363195
2024-10-17 03:14:01.363 | INFO     | logger:log:13 - Finished
2024-10-17 03:14:01.363 | INFO     | logger:log:13 - 
2024-10-18 03:14:49.672 | INFO     | logger:log:13 - Last sync time: 2024-10-17 03:14:01.363195
2024-10-18 03:14:50.111 | INFO     | logger:log:13 - Number of flomo memos to sync: 0
2024-10-18 03:14:50.112 | INFO     | logger:log:13 - No flomo memos to sync
2024-10-18 03:14:50.112 | INFO     | logger:log:13 - Update last sync time: 2024-10-18 03:14:50.112288
2024-10-18 03:14:50.112 | INFO     | logger:log:13 - Finished
2024-10-18 03:14:50.112 | INFO     | logger:log:13 - 
2024-10-19 03:12:40.403 | INFO     | logger:log:13 - Last sync time: 2024-10-18 03:14:50.112288
2024-10-19 03:12:40.722 | INFO     | logger:log:13 - Number of flomo memos to sync: 0
2024-10-19 03:12:40.722 | INFO     | logger:log:13 - No flomo memos to sync
2024-10-19 03:12:40.722 | INFO     | logger:log:13 - Update last sync time: 2024-10-19 03:12:40.722740
2024-10-19 03:12:40.723 | INFO     | logger:log:13 - Finished
2024-10-19 03:12:40.723 | INFO     | logger:log:13 - 
2024-10-20 03:18:32.602 | INFO     | logger:log:13 - Last sync time: 2024-10-19 03:12:40.722740
2024-10-20 03:18:33.077 | INFO     | logger:log:13 - Number of flomo memos to sync: 0
2024-10-20 03:18:33.077 | INFO     | logger:log:13 - No flomo memos to sync
2024-10-20 03:18:33.077 | INFO     | logger:log:13 - Update last sync time: 2024-10-20 03:18:33.077724
2024-10-20 03:18:33.078 | INFO     | logger:log:13 - Finished
2024-10-20 03:18:33.078 | INFO     | logger:log:13 - 
2024-10-21 03:17:47.660 | INFO     | logger:log:13 - Last sync time: 2024-10-20 03:18:33.077724
2024-10-21 03:17:47.993 | INFO     | logger:log:13 - Number of flomo memos to sync: 0
2024-10-21 03:17:47.994 | INFO     | logger:log:13 - No flomo memos to sync
2024-10-21 03:17:47.994 | INFO     | logger:log:13 - Update last sync time: 2024-10-21 03:17:47.994207
2024-10-21 03:17:47.994 | INFO     | logger:log:13 - Finished
2024-10-21 03:17:47.994 | INFO     | logger:log:13 - 
2024-10-22 03:14:39.819 | INFO     | logger:log:13 - Last sync time: 2024-10-21 03:17:47.994207
2024-10-22 03:14:40.266 | INFO     | logger:log:13 - Number of flomo memos to sync: 0
2024-10-22 03:14:40.266 | INFO     | logger:log:13 - No flomo memos to sync
2024-10-22 03:14:40.266 | INFO     | logger:log:13 - Update last sync time: 2024-10-22 03:14:40.266596
2024-10-22 03:14:40.266 | INFO     | logger:log:13 - Finished
2024-10-22 03:14:40.267 | INFO     | logger:log:13 - 
2024-10-23 03:13:59.161 | INFO     | logger:log:13 - Last sync time: 2024-10-22 03:14:40.266596
2024-10-23 03:13:59.493 | INFO     | logger:log:13 - Number of flomo memos to sync: 0
2024-10-23 03:13:59.493 | INFO     | logger:log:13 - No flomo memos to sync
2024-10-23 03:13:59.494 | INFO     | logger:log:13 - Update last sync time: 2024-10-23 03:13:59.494147
2024-10-23 03:13:59.494 | INFO     | logger:log:13 - Finished
2024-10-23 03:13:59.494 | INFO     | logger:log:13 - 
2024-10-24 03:13:41.195 | INFO     | logger:log:13 - Last sync time: 2024-10-23 03:13:59.494147
2024-10-24 03:13:41.587 | INFO     | logger:log:13 - Number of flomo memos to sync: 0
2024-10-24 03:13:41.587 | INFO     | logger:log:13 - No flomo memos to sync
2024-10-24 03:13:41.587 | INFO     | logger:log:13 - Update last sync time: 2024-10-24 03:13:41.587692
2024-10-24 03:13:41.587 | INFO     | logger:log:13 - Finished
2024-10-24 03:13:41.588 | INFO     | logger:log:13 - 
2024-10-25 03:15:51.649 | INFO     | logger:log:13 - Last sync time: 2024-10-24 03:13:41.587692
2024-10-25 03:15:52.008 | INFO     | logger:log:13 - Number of flomo memos to sync: 0
2024-10-25 03:15:52.008 | INFO     | logger:log:13 - No flomo memos to sync
2024-10-25 03:15:52.008 | INFO     | logger:log:13 - Update last sync time: 2024-10-25 03:15:52.008520
2024-10-25 03:15:52.008 | INFO     | logger:log:13 - Finished
2024-10-25 03:15:52.009 | INFO     | logger:log:13 - 
2024-10-26 03:11:18.751 | INFO     | logger:log:13 - Last sync time: 2024-10-25 03:15:52.008520
2024-10-26 03:11:19.486 | INFO     | logger:log:13 - Number of flomo memos to sync: 0
2024-10-26 03:11:19.486 | INFO     | logger:log:13 - No flomo memos to sync
2024-10-26 03:11:19.486 | INFO     | logger:log:13 - Update last sync time: 2024-10-26 03:11:19.486617
2024-10-26 03:11:19.486 | INFO     | logger:log:13 - Finished
2024-10-26 03:11:19.487 | INFO     | logger:log:13 - 
2024-10-27 03:17:46.395 | INFO     | logger:log:13 - Last sync time: 2024-10-26 03:11:19.486617
2024-10-27 03:17:47.553 | INFO     | logger:log:13 - Number of flomo memos to sync: 0
2024-10-27 03:17:47.553 | INFO     | logger:log:13 - No flomo memos to sync
2024-10-27 03:17:47.554 | INFO     | logger:log:13 - Update last sync time: 2024-10-27 03:17:47.554067
2024-10-27 03:17:47.554 | INFO     | logger:log:13 - Finished
2024-10-27 03:17:47.554 | INFO     | logger:log:13 - 
2024-10-28 03:18:53.846 | INFO     | logger:log:13 - Last sync time: 2024-10-27 03:17:47.554067
2024-10-28 03:18:54.367 | INFO     | logger:log:13 - Number of flomo memos to sync: 0
2024-10-28 03:18:54.367 | INFO     | logger:log:13 - No flomo memos to sync
2024-10-28 03:18:54.368 | INFO     | logger:log:13 - Update last sync time: 2024-10-28 03:18:54.368128
2024-10-28 03:18:54.368 | INFO     | logger:log:13 - Finished
2024-10-28 03:18:54.368 | INFO     | logger:log:13 - 
2024-10-29 03:15:57.881 | INFO     | logger:log:13 - Last sync time: 2024-10-28 03:18:54.368128
2024-10-29 03:15:58.231 | INFO     | logger:log:13 - Number of flomo memos to sync: 0
2024-10-29 03:15:58.231 | INFO     | logger:log:13 - No flomo memos to sync
2024-10-29 03:15:58.231 | INFO     | logger:log:13 - Update last sync time: 2024-10-29 03:15:58.231536
2024-10-29 03:15:58.231 | INFO     | logger:log:13 - Finished
2024-10-29 03:15:58.232 | INFO     | logger:log:13 - 
2024-10-30 03:15:17.142 | INFO     | logger:log:13 - Last sync time: 2024-10-29 03:15:58.231536
2024-10-30 03:15:18.595 | INFO     | logger:log:13 - Number of flomo memos to sync: 0
2024-10-30 03:15:18.595 | INFO     | logger:log:13 - No flomo memos to sync
2024-10-30 03:15:18.596 | INFO     | logger:log:13 - Update last sync time: 2024-10-30 03:15:18.595929
2024-10-30 03:15:18.596 | INFO     | logger:log:13 - Finished
2024-10-30 03:15:18.596 | INFO     | logger:log:13 - 
2024-10-31 03:16:51.006 | INFO     | logger:log:13 - Last sync time: 2024-10-30 03:15:18.595929
2024-10-31 03:16:51.507 | INFO     | logger:log:13 - Number of flomo memos to sync: 0
2024-10-31 03:16:51.507 | INFO     | logger:log:13 - No flomo memos to sync
2024-10-31 03:16:51.508 | INFO     | logger:log:13 - Update last sync time: 2024-10-31 03:16:51.508038
2024-10-31 03:16:51.508 | INFO     | logger:log:13 - Finished
2024-10-31 03:16:51.508 | INFO     | logger:log:13 - 
2024-11-01 03:23:27.765 | INFO     | logger:log:13 - Last sync time: 2024-10-31 03:16:51.508038
2024-11-01 03:23:28.231 | INFO     | logger:log:13 - Number of flomo memos to sync: 0
2024-11-01 03:23:28.231 | INFO     | logger:log:13 - No flomo memos to sync
2024-11-01 03:23:28.231 | INFO     | logger:log:13 - Update last sync time: 2024-11-01 03:23:28.231568
2024-11-01 03:23:28.231 | INFO     | logger:log:13 - Finished
2024-11-01 03:23:28.232 | INFO     | logger:log:13 - 
2024-11-02 03:12:37.289 | INFO     | logger:log:13 - Last sync time: 2024-11-01 03:23:28.231568
2024-11-02 03:12:37.831 | INFO     | logger:log:13 - Number of flomo memos to sync: 0
2024-11-02 03:12:37.831 | INFO     | logger:log:13 - No flomo memos to sync
2024-11-02 03:12:37.831 | INFO     | logger:log:13 - Update last sync time: 2024-11-02 03:12:37.831516
2024-11-02 03:12:37.831 | INFO     | logger:log:13 - Finished
2024-11-02 03:12:37.831 | INFO     | logger:log:13 - 
2024-11-03 03:18:20.582 | INFO     | logger:log:13 - Last sync time: 2024-11-02 03:12:37.831516
2024-11-03 03:18:20.949 | INFO     | logger:log:13 - Number of flomo memos to sync: 0
2024-11-03 03:18:20.949 | INFO     | logger:log:13 - No flomo memos to sync
2024-11-03 03:18:20.949 | INFO     | logger:log:13 - Update last sync time: 2024-11-03 03:18:20.949811
2024-11-03 03:18:20.950 | INFO     | logger:log:13 - Finished
2024-11-03 03:18:20.950 | INFO     | logger:log:13 - 
2024-11-04 03:18:26.738 | INFO     | logger:log:13 - Last sync time: 2024-11-03 03:18:20.949811
2024-11-04 03:18:27.206 | INFO     | logger:log:13 - Number of flomo memos to sync: 0
2024-11-04 03:18:27.207 | INFO     | logger:log:13 - No flomo memos to sync
2024-11-04 03:18:27.207 | INFO     | logger:log:13 - Update last sync time: 2024-11-04 03:18:27.207259
2024-11-04 03:18:27.207 | INFO     | logger:log:13 - Finished
2024-11-04 03:18:27.207 | INFO     | logger:log:13 - 
2024-11-05 03:11:22.552 | INFO     | logger:log:13 - Last sync time: 2024-11-04 03:18:27.207259
2024-11-05 03:11:22.967 | INFO     | logger:log:13 - Number of flomo memos to sync: 0
2024-11-05 03:11:22.968 | INFO     | logger:log:13 - No flomo memos to sync
2024-11-05 03:11:22.968 | INFO     | logger:log:13 - Update last sync time: 2024-11-05 03:11:22.968299
2024-11-05 03:11:22.968 | INFO     | logger:log:13 - Finished
2024-11-05 03:11:22.968 | INFO     | logger:log:13 - 
2024-11-06 03:10:48.968 | INFO     | logger:log:13 - Last sync time: 2024-11-05 03:11:22.968299
2024-11-06 03:10:49.388 | INFO     | logger:log:13 - Number of flomo memos to sync: 0
2024-11-06 03:10:49.388 | INFO     | logger:log:13 - No flomo memos to sync
2024-11-06 03:10:49.389 | INFO     | logger:log:13 - Update last sync time: 2024-11-06 03:10:49.389078
2024-11-06 03:10:49.389 | INFO     | logger:log:13 - Finished
2024-11-06 03:10:49.389 | INFO     | logger:log:13 - 
2024-11-07 03:14:28.405 | INFO     | logger:log:13 - Last sync time: 2024-11-06 03:10:49.389078
2024-11-07 03:14:28.730 | INFO     | logger:log:13 - Number of flomo memos to sync: 0
2024-11-07 03:14:28.731 | INFO     | logger:log:13 - No flomo memos to sync
2024-11-07 03:14:28.731 | INFO     | logger:log:13 - Update last sync time: 2024-11-07 03:14:28.731262
2024-11-07 03:14:28.731 | INFO     | logger:log:13 - Finished
2024-11-07 03:14:28.731 | INFO     | logger:log:13 - 
2024-11-08 03:11:56.094 | INFO     | logger:log:13 - Last sync time: 2024-11-07 03:14:28.731262
2024-11-08 03:11:56.691 | INFO     | logger:log:13 - Number of flomo memos to sync: 0
2024-11-08 03:11:56.692 | INFO     | logger:log:13 - No flomo memos to sync
2024-11-08 03:11:56.692 | INFO     | logger:log:13 - Update last sync time: 2024-11-08 03:11:56.692355
2024-11-08 03:11:56.692 | INFO     | logger:log:13 - Finished
2024-11-08 03:11:56.692 | INFO     | logger:log:13 - 
2024-11-09 03:10:30.936 | INFO     | logger:log:13 - Last sync time: 2024-11-08 03:11:56.692355
2024-11-09 03:10:31.188 | INFO     | logger:log:13 - Number of flomo memos to sync: 0
2024-11-09 03:10:31.188 | INFO     | logger:log:13 - No flomo memos to sync
2024-11-09 03:10:31.188 | INFO     | logger:log:13 - Update last sync time: 2024-11-09 03:10:31.188487
2024-11-09 03:10:31.188 | INFO     | logger:log:13 - Finished
2024-11-09 03:10:31.189 | INFO     | logger:log:13 - 
2024-11-10 03:13:23.736 | INFO     | logger:log:13 - Last sync time: 2024-11-09 03:10:31.188487
2024-11-10 03:13:24.125 | INFO     | logger:log:13 - Number of flomo memos to sync: 0
2024-11-10 03:13:24.125 | INFO     | logger:log:13 - No flomo memos to sync
2024-11-10 03:13:24.125 | INFO     | logger:log:13 - Update last sync time: 2024-11-10 03:13:24.125764
2024-11-10 03:13:24.126 | INFO     | logger:log:13 - Finished
2024-11-10 03:13:24.126 | INFO     | logger:log:13 - 
2024-11-11 03:13:39.339 | INFO     | logger:log:13 - Last sync time: 2024-11-10 03:13:24.125764
2024-11-11 03:13:39.727 | INFO     | logger:log:13 - Number of flomo memos to sync: 0
2024-11-11 03:13:39.727 | INFO     | logger:log:13 - No flomo memos to sync
2024-11-11 03:13:39.728 | INFO     | logger:log:13 - Update last sync time: 2024-11-11 03:13:39.728040
2024-11-11 03:13:39.728 | INFO     | logger:log:13 - Finished
2024-11-11 03:13:39.728 | INFO     | logger:log:13 - 
2024-11-12 03:09:48.268 | INFO     | logger:log:13 - Last sync time: 2024-11-11 03:13:39.728040
2024-11-12 03:09:50.965 | INFO     | logger:log:13 - Number of flomo memos to sync: 0
2024-11-12 03:09:50.965 | INFO     | logger:log:13 - No flomo memos to sync
2024-11-12 03:09:50.965 | INFO     | logger:log:13 - Update last sync time: 2024-11-12 03:09:50.965697
2024-11-12 03:09:50.966 | INFO     | logger:log:13 - Finished
2024-11-12 03:09:50.966 | INFO     | logger:log:13 - 
2024-11-13 03:12:43.124 | INFO     | logger:log:13 - Last sync time: 2024-11-12 03:09:50.965697
2024-11-13 03:12:43.744 | INFO     | logger:log:13 - Number of flomo memos to sync: 0
2024-11-13 03:12:43.744 | INFO     | logger:log:13 - No flomo memos to sync
2024-11-13 03:12:43.745 | INFO     | logger:log:13 - Update last sync time: 2024-11-13 03:12:43.745013
2024-11-13 03:12:43.745 | INFO     | logger:log:13 - Finished
2024-11-13 03:12:43.745 | INFO     | logger:log:13 - 
2024-11-14 03:13:12.120 | INFO     | logger:log:13 - Last sync time: 2024-11-13 03:12:43.745013
2024-11-14 03:13:12.620 | INFO     | logger:log:13 - Number of flomo memos to sync: 0
2024-11-14 03:13:12.620 | INFO     | logger:log:13 - No flomo memos to sync
2024-11-14 03:13:12.620 | INFO     | logger:log:13 - Update last sync time: 2024-11-14 03:13:12.620597
2024-11-14 03:13:12.620 | INFO     | logger:log:13 - Finished
2024-11-14 03:13:12.621 | INFO     | logger:log:13 - 
2024-11-15 03:20:49.393 | INFO     | logger:log:13 - Last sync time: 2024-11-14 03:13:12.620597
2024-11-15 03:20:49.693 | INFO     | logger:log:13 - Number of flomo memos to sync: 0
2024-11-15 03:20:49.693 | INFO     | logger:log:13 - No flomo memos to sync
2024-11-15 03:20:49.694 | INFO     | logger:log:13 - Update last sync time: 2024-11-15 03:20:49.693931
2024-11-15 03:20:49.694 | INFO     | logger:log:13 - Finished
2024-11-15 03:20:49.694 | INFO     | logger:log:13 - 
2024-11-16 03:18:39.024 | INFO     | logger:log:13 - Last sync time: 2024-11-15 03:20:49.693931
2024-11-16 03:18:39.349 | INFO     | logger:log:13 - Number of flomo memos to sync: 0
2024-11-16 03:18:39.349 | INFO     | logger:log:13 - No flomo memos to sync
2024-11-16 03:18:39.350 | INFO     | logger:log:13 - Update last sync time: 2024-11-16 03:18:39.350001
2024-11-16 03:18:39.350 | INFO     | logger:log:13 - Finished
2024-11-16 03:18:39.350 | INFO     | logger:log:13 - 
2024-11-17 03:23:30.812 | INFO     | logger:log:13 - Last sync time: 2024-11-16 03:18:39.350001
2024-11-17 03:23:31.086 | INFO     | logger:log:13 - Number of flomo memos to sync: 0
2024-11-17 03:23:31.086 | INFO     | logger:log:13 - No flomo memos to sync
2024-11-17 03:23:31.087 | INFO     | logger:log:13 - Update last sync time: 2024-11-17 03:23:31.087144
2024-11-17 03:23:31.087 | INFO     | logger:log:13 - Finished
2024-11-17 03:23:31.087 | INFO     | logger:log:13 - 
2024-11-18 03:23:38.931 | INFO     | logger:log:13 - Last sync time: 2024-11-17 03:23:31.087144
2024-11-18 03:23:39.291 | INFO     | logger:log:13 - Number of flomo memos to sync: 0
2024-11-18 03:23:39.291 | INFO     | logger:log:13 - No flomo memos to sync
2024-11-18 03:23:39.291 | INFO     | logger:log:13 - Update last sync time: 2024-11-18 03:23:39.291441
2024-11-18 03:23:39.291 | INFO     | logger:log:13 - Finished
2024-11-18 03:23:39.291 | INFO     | logger:log:13 - 
2024-11-19 03:20:56.771 | INFO     | logger:log:13 - Last sync time: 2024-11-18 03:23:39.291441
2024-11-19 03:20:57.128 | INFO     | logger:log:13 - Number of flomo memos to sync: 0
2024-11-19 03:20:57.128 | INFO     | logger:log:13 - No flomo memos to sync
2024-11-19 03:20:57.129 | INFO     | logger:log:13 - Update last sync time: 2024-11-19 03:20:57.128997
2024-11-19 03:20:57.129 | INFO     | logger:log:13 - Finished
2024-11-19 03:20:57.129 | INFO     | logger:log:13 - 
2024-11-20 03:20:08.529 | INFO     | logger:log:13 - Last sync time: 2024-11-19 03:20:57.128997
2024-11-20 03:20:09.051 | INFO     | logger:log:13 - Number of flomo memos to sync: 0
2024-11-20 03:20:09.051 | INFO     | logger:log:13 - No flomo memos to sync
2024-11-20 03:20:09.052 | INFO     | logger:log:13 - Update last sync time: 2024-11-20 03:20:09.051987
2024-11-20 03:20:09.052 | INFO     | logger:log:13 - Finished
2024-11-20 03:20:09.052 | INFO     | logger:log:13 - 
2024-11-21 03:19:56.782 | INFO     | logger:log:13 - Last sync time: 2024-11-20 03:20:09.051987
2024-11-21 03:19:57.215 | INFO     | logger:log:13 - Number of flomo memos to sync: 0
2024-11-21 03:19:57.216 | INFO     | logger:log:13 - No flomo memos to sync
2024-11-21 03:19:57.216 | INFO     | logger:log:13 - Update last sync time: 2024-11-21 03:19:57.216335
2024-11-21 03:19:57.216 | INFO     | logger:log:13 - Finished
2024-11-21 03:19:57.216 | INFO     | logger:log:13 - 
2024-11-22 03:21:01.049 | INFO     | logger:log:13 - Last sync time: 2024-11-21 03:19:57.216335
2024-11-22 03:21:01.434 | INFO     | logger:log:13 - Number of flomo memos to sync: 0
2024-11-22 03:21:01.434 | INFO     | logger:log:13 - No flomo memos to sync
2024-11-22 03:21:01.434 | INFO     | logger:log:13 - Update last sync time: 2024-11-22 03:21:01.434436
2024-11-22 03:21:01.434 | INFO     | logger:log:13 - Finished
2024-11-22 03:21:01.435 | INFO     | logger:log:13 - 
2024-11-23 03:18:47.242 | INFO     | logger:log:13 - Last sync time: 2024-11-22 03:21:01.434436
2024-11-23 03:18:50.020 | INFO     | logger:log:13 - Number of flomo memos to sync: 0
2024-11-23 03:18:50.020 | INFO     | logger:log:13 - No flomo memos to sync
2024-11-23 03:18:50.021 | INFO     | logger:log:13 - Update last sync time: 2024-11-23 03:18:50.020861
2024-11-23 03:18:50.021 | INFO     | logger:log:13 - Finished
2024-11-23 03:18:50.021 | INFO     | logger:log:13 - 
2024-11-24 03:24:41.620 | INFO     | logger:log:13 - Last sync time: 2024-11-23 03:18:50.020861
2024-11-24 03:24:41.913 | INFO     | logger:log:13 - Number of flomo memos to sync: 0
2024-11-24 03:24:41.914 | INFO     | logger:log:13 - No flomo memos to sync
2024-11-24 03:24:41.914 | INFO     | logger:log:13 - Update last sync time: 2024-11-24 03:24:41.914329
2024-11-24 03:24:41.914 | INFO     | logger:log:13 - Finished
2024-11-24 03:24:41.914 | INFO     | logger:log:13 - 
